<?xml version="1.0" encoding="UTF-8"?>
<!-- Generated by org.testng.reporters.JUnitXMLReporter -->
<testsuite ignored="0" hostname="Omar-Mokhtar" failures="1" tests="16" name="Surefire test" time="48.12" errors="0" timestamp="2025-06-28T22:20:19 EEST">
  <testcase classname="Omar.SwagLabsProject.ErrorValidationsTests" name="blankPasswordLoginTest" time="0.242"/>
  <testcase classname="Omar.SwagLabsProject.ErrorValidationsTests" name="blankUsernameLoginTest" time="0.246"/>
  <testcase classname="Omar.SwagLabsProject.ErrorValidationsTests" name="emptyFirstNameInCheckoutTest" time="1.764"/>
  <testcase classname="Omar.SwagLabsProject.ErrorValidationsTests" name="emptyLastNameInCheckoutTest" time="1.712"/>
  <testcase classname="Omar.SwagLabsProject.ErrorValidationsTests" name="emptyPostalCodeInCheckoutTest" time="1.654"/>
  <testcase classname="Omar.SwagLabsProject.ErrorValidationsTests" name="invalidPasswordLoginTest" time="0.283"/>
  <testcase classname="Omar.SwagLabsProject.ErrorValidationsTests" name="invalidUsernameLoginTest" time="0.239"/>
  <testcase classname="Omar.SwagLabsProject.ErrorValidationsTests" name="lockedOutUserLoginTest" time="0.288">
    <skipped/>
  </testcase> <!-- lockedOutUserLoginTest -->
  <testcase classname="Omar.SwagLabsProject.ErrorValidationsTests" name="lockedOutUserLoginTest" time="0.349">
    <skipped/>
  </testcase> <!-- lockedOutUserLoginTest -->
  <testcase classname="Omar.SwagLabsProject.ErrorValidationsTests" name="lockedOutUserLoginTest" time="0.336">
    <failure type="java.lang.AssertionError" message="expected [Epic sadface: Sorry, this user has been locked.] but found [Epic sadface: Sorry, this user has been locked out.]">
      <![CDATA[java.lang.AssertionError: expected [Epic sadface: Sorry, this user has been locked.] but found [Epic sadface: Sorry, this user has been locked out.]
at Omar.SwagLabsProject.ErrorValidationsTests.lockedOutUserLoginTest(ErrorValidationsTests.java:85)
at java.base/java.util.ArrayList.forEach(ArrayList.java:1596)
... Removed 36 stack frames]]>
    </failure>
  </testcase> <!-- lockedOutUserLoginTest -->
  <testcase classname="Omar.SwagLabsProject.submitOrderTest" name="fullPurchaseTest" time="2.154"/>
  <testcase classname="Omar.SwagLabsProject.submitOrderTest" name="fullPurchaseTest" time="2.219"/>
  <testcase classname="Omar.SwagLabsProject.submitOrderTest" name="fullPurchaseTest" time="2.264"/>
  <testcase classname="Omar.SwagLabsProject.ValidLoginTests" name="validPerformanceUserLoginTest" time="6.337"/>
  <testcase classname="Omar.SwagLabsProject.ValidLoginTests" name="validProblemUserLoginTest" time="0.544"/>
  <testcase classname="Omar.SwagLabsProject.ValidLoginTests" name="validStandardUserLoginTest" time="1.171"/>
</testsuite> <!-- Surefire test -->
