<?xml version="1.0" encoding="UTF-8"?>
<!-- Generated by org.testng.reporters.JUnitXMLReporter -->
<testsuite ignored="3" hostname="Omar-Mokhtar" failures="1" tests="7" name="Error Validations Test" time="31.195" errors="0" timestamp="2025-06-29T00:11:58 EEST">
  <testcase classname="Omar.SwagLabsProject.ErrorValidationsTests" name="blankPasswordLoginTest" time="0.475"/>
  <testcase classname="Omar.SwagLabsProject.ErrorValidationsTests" name="blankUsernameLoginTest" time="0.439"/>
  <testcase classname="Omar.SwagLabsProject.ErrorValidationsTests" name="invalidPasswordLoginTest" time="0.429"/>
  <testcase classname="Omar.SwagLabsProject.ErrorValidationsTests" name="invalidUsernameLoginTest" time="0.429"/>
  <testcase classname="Omar.SwagLabsProject.ErrorValidationsTests" name="lockedOutUserLoginTest" time="0.488">
    <skipped/>
  </testcase> <!-- lockedOutUserLoginTest -->
  <testcase classname="Omar.SwagLabsProject.ErrorValidationsTests" name="lockedOutUserLoginTest" time="0.522">
    <skipped/>
  </testcase> <!-- lockedOutUserLoginTest -->
  <testcase classname="Omar.SwagLabsProject.ErrorValidationsTests" name="lockedOutUserLoginTest" time="0.401">
    <failure type="java.lang.AssertionError" message="expected [Epic sadface: Sorry, this user has been locked.] but found [Epic sadface: Sorry, this user has been locked out.]">
      <![CDATA[java.lang.AssertionError: expected [Epic sadface: Sorry, this user has been locked.] but found [Epic sadface: Sorry, this user has been locked out.]
at Omar.SwagLabsProject.ErrorValidationsTests.lockedOutUserLoginTest(ErrorValidationsTests.java:85)
at java.base/java.util.ArrayList.forEach(ArrayList.java:1596)
at java.base/java.util.concurrent.FutureTask.run(FutureTask.java:317)
at java.base/java.util.concurrent.ThreadPoolExecutor.runWorker(ThreadPoolExecutor.java:1144)
at java.base/java.util.concurrent.ThreadPoolExecutor$Worker.run(ThreadPoolExecutor.java:642)
at java.base/java.lang.Thread.run(Thread.java:1583)
... Removed 21 stack frames]]>
    </failure>
  </testcase> <!-- lockedOutUserLoginTest -->
  <testcase classname="Omar.SwagLabsProject.ErrorValidationsTests" name="emptyLastNameInCheckoutTest" time="0.0">
    <ignored/>
  </testcase> <!-- emptyLastNameInCheckoutTest -->
  <testcase classname="Omar.SwagLabsProject.ErrorValidationsTests" name="emptyFirstNameInCheckoutTest" time="0.0">
    <ignored/>
  </testcase> <!-- emptyFirstNameInCheckoutTest -->
  <testcase classname="Omar.SwagLabsProject.ErrorValidationsTests" name="emptyPostalCodeInCheckoutTest" time="0.0">
    <ignored/>
  </testcase> <!-- emptyPostalCodeInCheckoutTest -->
</testsuite> <!-- Error Validations Test -->
