2025-08-11 00:03:04.589 [main] INFO  swagLabsMain.utils.AllureListener - Test suite started: SwagLabsProject
2025-08-11 00:03:04.592 [main] INFO  swagLabsMain.utils.AllureListener - Created environment.properties file for Allure reports
2025-08-11 00:03:04.592 [main] INFO  swagLabsMain.utils.AllureListener - Initialized environment for suite: SwagLabsProject
2025-08-11 00:03:08.397 [main] INFO  swagLabsMain.utils.AllureListener - Starting test: blankAllLoginTest
2025-08-11 00:03:08.683 [main] INFO  swagLabsMain.utils.AllureListener - Test passed: blankAllLoginTest
2025-08-11 00:03:10.628 [main] INFO  swagLabsMain.utils.AllureListener - Starting test: blankPasswordLoginTest
2025-08-11 00:03:11.533 [main] INFO  swagLabsMain.utils.AllureListener - Test passed: blankPasswordLoginTest
2025-08-11 00:03:15.826 [main] INFO  swagLabsMain.utils.AllureListener - Starting test: blankUsernameLoginTest
2025-08-11 00:03:16.292 [main] INFO  swagLabsMain.utils.AllureListener - Test passed: blankUsernameLoginTest
2025-08-11 00:03:18.144 [main] INFO  swagLabsMain.utils.AllureListener - Starting test: invalidPasswordLoginTest
2025-08-11 00:03:20.080 [main] INFO  swagLabsMain.utils.AllureListener - Test passed: invalidPasswordLoginTest
2025-08-11 00:03:22.441 [main] INFO  swagLabsMain.utils.AllureListener - Starting test: invalidUsernameLoginTest
2025-08-11 00:03:23.080 [main] INFO  swagLabsMain.utils.AllureListener - Test passed: invalidUsernameLoginTest
2025-08-11 00:03:25.156 [main] INFO  swagLabsMain.utils.AllureListener - Starting test: lockedOutUserLoginTest
2025-08-11 00:03:26.483 [main] INFO  swagLabsMain.utils.AllureListener - Test skipped: lockedOutUserLoginTest
2025-08-11 00:03:29.484 [main] INFO  swagLabsMain.utils.AllureListener - Starting test: lockedOutUserLoginTest
2025-08-11 00:03:30.636 [main] INFO  swagLabsMain.utils.AllureListener - Test skipped: lockedOutUserLoginTest
2025-08-11 00:03:33.889 [main] INFO  swagLabsMain.utils.AllureListener - Starting test: lockedOutUserLoginTest
2025-08-11 00:03:35.036 [main] ERROR swagLabsMain.utils.AllureListener - Test failed: lockedOutUserLoginTest - expected [Epic sadface: Sorry, this user has been locked.] but found [Epic sadface: Sorry, this user has been locked out.]
2025-08-11 00:03:35.037 [main] INFO  swagLabsMain.utils.AllureListener - Test instance class: swagLabsTests.tests.login.LoginErrorValidationsTests
2025-08-11 00:03:35.037 [main] ERROR swagLabsMain.utils.AllureListener - Driver field not found in test class: lockedOutUserLoginTest
java.lang.NoSuchFieldException: driver
	at java.base/java.lang.Class.getDeclaredField(Class.java:2782)
	at swagLabsMain.utils.AllureListener.getWebDriverInstance(AllureListener.java:111)
	at swagLabsMain.utils.AllureListener.onTestFailure(AllureListener.java:48)
	at org.testng.internal.TestListenerHelper.runTestListeners(TestListenerHelper.java:115)
	at org.testng.internal.invokers.TestInvoker.runTestResultListener(TestInvoker.java:285)
	at org.testng.internal.invokers.TestInvoker.invokeMethod(TestInvoker.java:777)
	at org.testng.internal.invokers.TestInvoker.retryFailed(TestInvoker.java:269)
	at org.testng.internal.invokers.MethodRunner.runInSequence(MethodRunner.java:76)
	at org.testng.internal.invokers.TestInvoker$MethodInvocationAgent.invoke(TestInvoker.java:995)
	at org.testng.internal.invokers.TestInvoker.invokeTestMethods(TestInvoker.java:203)
	at org.testng.internal.invokers.TestMethodWorker.invokeTestMethods(TestMethodWorker.java:154)
	at org.testng.internal.invokers.TestMethodWorker.run(TestMethodWorker.java:134)
	at java.base/java.util.ArrayList.forEach(ArrayList.java:1596)
	at org.testng.TestRunner.privateRun(TestRunner.java:741)
	at org.testng.TestRunner.run(TestRunner.java:616)
	at org.testng.SuiteRunner.runTest(SuiteRunner.java:421)
	at org.testng.SuiteRunner.runSequentially(SuiteRunner.java:413)
	at org.testng.SuiteRunner.privateRun(SuiteRunner.java:373)
	at org.testng.SuiteRunner.run(SuiteRunner.java:312)
	at org.testng.SuiteRunnerWorker.runSuite(SuiteRunnerWorker.java:52)
	at org.testng.SuiteRunnerWorker.run(SuiteRunnerWorker.java:95)
	at org.testng.TestNG.runSuitesSequentially(TestNG.java:1274)
	at org.testng.TestNG.runSuitesLocally(TestNG.java:1208)
	at org.testng.TestNG.runSuites(TestNG.java:1112)
	at org.testng.TestNG.run(TestNG.java:1079)
	at com.intellij.rt.testng.IDEARemoteTestNG.run(IDEARemoteTestNG.java:65)
	at com.intellij.rt.testng.RemoteTestNGStarter.main(RemoteTestNGStarter.java:105)
2025-08-11 00:03:35.038 [main] INFO  swagLabsMain.utils.AllureListener - Available fields in test class:
2025-08-11 00:03:35.038 [main] ERROR swagLabsMain.utils.AllureListener - Could not get WebDriver instance for failed test: lockedOutUserLoginTest
2025-08-11 00:03:35.038 [main] INFO  swagLabsMain.utils.AllureListener - Test instance class: swagLabsTests.tests.login.LoginErrorValidationsTests
2025-08-11 00:03:35.292 [main] INFO  swagLabsMain.utils.AllureListener - Test suite finished: SwagLabsProject
2025-08-11 00:32:36.926 [main] INFO  swagLabsMain.utils.AllureListener - Test suite started: SwagLabsProject
2025-08-11 00:32:36.928 [main] INFO  swagLabsMain.utils.AllureListener - Created environment.properties file for Allure reports
2025-08-11 00:32:36.928 [main] INFO  swagLabsMain.utils.AllureListener - Initialized environment for suite: SwagLabsProject
2025-08-11 00:32:39.339 [main] INFO  swagLabsMain.utils.AllureListener - Starting test: blankAllLoginTest
2025-08-11 00:32:40.244 [main] INFO  swagLabsMain.utils.AllureListener - Test passed: blankAllLoginTest
2025-08-11 00:33:04.007 [main] INFO  swagLabsMain.utils.AllureListener - Starting test: blankPasswordLoginTest
2025-08-11 00:33:04.457 [main] INFO  swagLabsMain.utils.AllureListener - Test passed: blankPasswordLoginTest
2025-08-11 00:33:06.705 [main] INFO  swagLabsMain.utils.AllureListener - Starting test: blankUsernameLoginTest
2025-08-11 00:33:07.129 [main] INFO  swagLabsMain.utils.AllureListener - Test passed: blankUsernameLoginTest
2025-08-11 00:33:09.368 [main] INFO  swagLabsMain.utils.AllureListener - Starting test: invalidPasswordLoginTest
2025-08-11 00:33:10.806 [main] INFO  swagLabsMain.utils.AllureListener - Test passed: invalidPasswordLoginTest
2025-08-11 00:33:12.741 [main] INFO  swagLabsMain.utils.AllureListener - Starting test: invalidUsernameLoginTest
2025-08-11 00:33:13.260 [main] INFO  swagLabsMain.utils.AllureListener - Test passed: invalidUsernameLoginTest
2025-08-11 00:33:15.135 [main] INFO  swagLabsMain.utils.AllureListener - Starting test: lockedOutUserLoginTest
2025-08-11 00:33:16.893 [main] INFO  swagLabsMain.utils.AllureListener - Test passed: lockedOutUserLoginTest
2025-08-11 00:33:17.275 [main] INFO  swagLabsMain.utils.AllureListener - Test suite finished: SwagLabsProject
2025-08-11 01:13:16.268 [main] INFO  swagLabsMain.utils.AllureListener - Test suite started: All Tests
2025-08-11 01:13:16.271 [main] INFO  swagLabsMain.utils.AllureListener - Created environment.properties file for Allure reports
2025-08-11 01:13:16.272 [main] INFO  swagLabsMain.utils.AllureListener - Initialized environment for suite: All Tests
2025-08-11 01:13:20.321 [main] INFO  swagLabsMain.utils.AllureListener - Starting test: invalidE2eTest
2025-08-11 01:13:22.021 [main] INFO  swagLabsMain.utils.AllureListener - Test passed: invalidE2eTest
2025-08-11 01:13:25.631 [main] INFO  swagLabsMain.utils.AllureListener - Starting test: invalidE2eTest
2025-08-11 01:13:28.816 [main] INFO  swagLabsMain.utils.AllureListener - Test passed: invalidE2eTest
2025-08-11 01:13:30.861 [main] INFO  swagLabsMain.utils.AllureListener - Starting test: invalidE2eTest
2025-08-11 01:13:33.073 [main] INFO  swagLabsMain.utils.AllureListener - Test passed: invalidE2eTest
2025-08-11 01:13:35.577 [main] INFO  swagLabsMain.utils.AllureListener - Starting test: validE2eTest
2025-08-11 01:13:37.767 [main] INFO  swagLabsMain.utils.AllureListener - Test passed: validE2eTest
2025-08-11 01:14:00.626 [main] INFO  swagLabsMain.utils.AllureListener - Starting test: validE2eTest
2025-08-11 01:14:02.340 [main] INFO  swagLabsMain.utils.AllureListener - Test passed: validE2eTest
2025-08-11 01:14:04.126 [main] INFO  swagLabsMain.utils.AllureListener - Starting test: validE2eTest
2025-08-11 01:14:06.116 [main] INFO  swagLabsMain.utils.AllureListener - Test passed: validE2eTest
2025-08-11 01:14:08.058 [main] INFO  swagLabsMain.utils.AllureListener - Starting test: addProductFromProductDetailsPageTest
2025-08-11 01:14:10.307 [main] INFO  swagLabsMain.utils.AllureListener - Test passed: addProductFromProductDetailsPageTest
2025-08-11 01:14:12.789 [main] INFO  swagLabsMain.utils.AllureListener - Starting test: addProductFromProductPageTest
2025-08-11 01:14:13.791 [main] INFO  swagLabsMain.utils.AllureListener - Test passed: addProductFromProductPageTest
2025-08-11 01:14:15.440 [main] INFO  swagLabsMain.utils.AllureListener - Starting test: removeProductFromCartTest
2025-08-11 01:14:16.602 [main] INFO  swagLabsMain.utils.AllureListener - Test passed: removeProductFromCartTest
2025-08-11 01:14:18.265 [main] INFO  swagLabsMain.utils.AllureListener - Starting test: removeProductFromProductDetailsPageTest
2025-08-11 01:14:19.621 [main] INFO  swagLabsMain.utils.AllureListener - Test passed: removeProductFromProductDetailsPageTest
2025-08-11 01:14:21.443 [main] INFO  swagLabsMain.utils.AllureListener - Starting test: removeProductFromProductPageTest
2025-08-11 01:14:22.842 [main] INFO  swagLabsMain.utils.AllureListener - Test passed: removeProductFromProductPageTest
2025-08-11 01:14:26.638 [main] INFO  swagLabsMain.utils.AllureListener - Starting test: lockedOutUserLoginTest
2025-08-11 01:14:27.245 [main] INFO  swagLabsMain.utils.AllureListener - Test passed: lockedOutUserLoginTest
2025-08-11 01:14:28.916 [main] INFO  swagLabsMain.utils.AllureListener - Starting test: validPerformanceUserLoginTest
2025-08-11 01:14:34.473 [main] INFO  swagLabsMain.utils.AllureListener - Test passed: validPerformanceUserLoginTest
2025-08-11 01:14:36.358 [main] INFO  swagLabsMain.utils.AllureListener - Starting test: validProblemUserLoginTest
2025-08-11 01:14:36.939 [main] INFO  swagLabsMain.utils.AllureListener - Test passed: validProblemUserLoginTest
2025-08-11 01:14:38.625 [main] INFO  swagLabsMain.utils.AllureListener - Starting test: validStandardUserLoginTest
2025-08-11 01:14:41.206 [main] INFO  swagLabsMain.utils.AllureListener - Test passed: validStandardUserLoginTest
2025-08-11 01:14:43.223 [main] INFO  swagLabsMain.utils.AllureListener - Starting test: blankAllLoginTest
2025-08-11 01:14:43.497 [main] INFO  swagLabsMain.utils.AllureListener - Test passed: blankAllLoginTest
2025-08-11 01:14:45.100 [main] INFO  swagLabsMain.utils.AllureListener - Starting test: blankPasswordLoginTest
2025-08-11 01:14:45.641 [main] INFO  swagLabsMain.utils.AllureListener - Test passed: blankPasswordLoginTest
2025-08-11 01:14:47.391 [main] INFO  swagLabsMain.utils.AllureListener - Starting test: blankUsernameLoginTest
2025-08-11 01:14:47.788 [main] INFO  swagLabsMain.utils.AllureListener - Test passed: blankUsernameLoginTest
2025-08-11 01:14:49.467 [main] INFO  swagLabsMain.utils.AllureListener - Starting test: invalidPasswordLoginTest
2025-08-11 01:14:50.035 [main] INFO  swagLabsMain.utils.AllureListener - Test passed: invalidPasswordLoginTest
2025-08-11 01:14:51.751 [main] INFO  swagLabsMain.utils.AllureListener - Starting test: invalidUsernameLoginTest
2025-08-11 01:14:52.251 [main] INFO  swagLabsMain.utils.AllureListener - Test passed: invalidUsernameLoginTest
2025-08-11 01:14:55.013 [main] INFO  swagLabsMain.utils.AllureListener - Starting test: lockedOutUserLoginTest
2025-08-11 01:14:56.712 [main] INFO  swagLabsMain.utils.AllureListener - Test passed: lockedOutUserLoginTest
2025-08-11 01:14:58.426 [main] INFO  swagLabsMain.utils.AllureListener - Starting test: checkingOnProductsAfterLogoutTest
2025-08-11 01:15:00.582 [main] INFO  swagLabsMain.utils.AllureListener - Test passed: checkingOnProductsAfterLogoutTest
2025-08-11 01:15:02.186 [main] INFO  swagLabsMain.utils.AllureListener - Starting test: emptyFirstNameInCheckoutFirstLevelTest
2025-08-11 01:15:03.269 [main] INFO  swagLabsMain.utils.AllureListener - Test passed: emptyFirstNameInCheckoutFirstLevelTest
2025-08-11 01:15:04.956 [main] INFO  swagLabsMain.utils.AllureListener - Starting test: emptyLastNameInCheckoutFirstLevelTest
2025-08-11 01:15:05.955 [main] INFO  swagLabsMain.utils.AllureListener - Test passed: emptyLastNameInCheckoutFirstLevelTest
2025-08-11 01:15:07.920 [main] INFO  swagLabsMain.utils.AllureListener - Starting test: emptyPostalCodeInCheckoutFirstLevelTest
2025-08-11 01:15:11.041 [main] INFO  swagLabsMain.utils.AllureListener - Test passed: emptyPostalCodeInCheckoutFirstLevelTest
2025-08-11 01:15:12.934 [main] INFO  swagLabsMain.utils.AllureListener - Starting test: validFieldsCheckoutFirstLevelTest
2025-08-11 01:15:12.966 [main] ERROR swagLabsMain.utils.AllureListener - Test failed: validFieldsCheckoutFirstLevelTest - This test is designed to fail to verify screenshot capture functionality
2025-08-11 01:15:12.966 [main] INFO  swagLabsMain.utils.AllureListener - Test instance class: swagLabsTests.tests.checkout.CheckoutErrorValidationsTests
2025-08-11 01:15:12.966 [main] ERROR swagLabsMain.utils.AllureListener - Driver field not found in test class: validFieldsCheckoutFirstLevelTest
java.lang.NoSuchFieldException: driver
	at java.base/java.lang.Class.getDeclaredField(Class.java:2782)
	at swagLabsMain.utils.AllureListener.getWebDriverInstance(AllureListener.java:111)
	at swagLabsMain.utils.AllureListener.onTestFailure(AllureListener.java:48)
	at org.testng.internal.TestListenerHelper.runTestListeners(TestListenerHelper.java:115)
	at org.testng.internal.invokers.TestInvoker.runTestResultListener(TestInvoker.java:285)
	at org.testng.internal.invokers.TestInvoker.invokeMethod(TestInvoker.java:777)
	at org.testng.internal.invokers.TestInvoker.invokeTestMethod(TestInvoker.java:230)
	at org.testng.internal.invokers.MethodRunner.runInSequence(MethodRunner.java:63)
	at org.testng.internal.invokers.TestInvoker$MethodInvocationAgent.invoke(TestInvoker.java:995)
	at org.testng.internal.invokers.TestInvoker.invokeTestMethods(TestInvoker.java:203)
	at org.testng.internal.invokers.TestMethodWorker.invokeTestMethods(TestMethodWorker.java:154)
	at org.testng.internal.invokers.TestMethodWorker.run(TestMethodWorker.java:134)
	at java.base/java.util.ArrayList.forEach(ArrayList.java:1596)
	at org.testng.TestRunner.privateRun(TestRunner.java:741)
	at org.testng.TestRunner.run(TestRunner.java:616)
	at org.testng.SuiteRunner.runTest(SuiteRunner.java:421)
	at org.testng.SuiteRunner.runSequentially(SuiteRunner.java:413)
	at org.testng.SuiteRunner.privateRun(SuiteRunner.java:373)
	at org.testng.SuiteRunner.run(SuiteRunner.java:312)
	at org.testng.SuiteRunnerWorker.runSuite(SuiteRunnerWorker.java:52)
	at org.testng.SuiteRunnerWorker.run(SuiteRunnerWorker.java:95)
	at org.testng.TestNG.runSuitesSequentially(TestNG.java:1274)
	at org.testng.TestNG.runSuitesLocally(TestNG.java:1208)
	at org.testng.TestNG.runSuites(TestNG.java:1112)
	at org.testng.TestNG.run(TestNG.java:1079)
	at com.intellij.rt.testng.IDEARemoteTestNG.run(IDEARemoteTestNG.java:65)
	at com.intellij.rt.testng.RemoteTestNGStarter.main(RemoteTestNGStarter.java:105)
2025-08-11 01:15:12.977 [main] INFO  swagLabsMain.utils.AllureListener - Available fields in test class:
2025-08-11 01:15:12.977 [main] ERROR swagLabsMain.utils.AllureListener - Could not get WebDriver instance for failed test: validFieldsCheckoutFirstLevelTest
2025-08-11 01:15:12.977 [main] INFO  swagLabsMain.utils.AllureListener - Test instance class: swagLabsTests.tests.checkout.CheckoutErrorValidationsTests
2025-08-11 01:15:13.261 [main] INFO  swagLabsMain.utils.AllureListener - Test suite finished: All Tests
2025-08-11 01:16:36.112 [main] INFO  swagLabsMain.utils.AllureListener - Test suite started: All Tests
2025-08-11 01:16:36.114 [main] INFO  swagLabsMain.utils.AllureListener - Created environment.properties file for Allure reports
2025-08-11 01:16:36.114 [main] INFO  swagLabsMain.utils.AllureListener - Initialized environment for suite: All Tests
2025-08-11 01:16:38.914 [main] INFO  swagLabsMain.utils.AllureListener - Starting test: invalidE2eTest
2025-08-11 01:16:40.646 [main] INFO  swagLabsMain.utils.AllureListener - Test passed: invalidE2eTest
2025-08-11 01:16:42.649 [main] INFO  swagLabsMain.utils.AllureListener - Starting test: invalidE2eTest
2025-08-11 01:16:44.320 [main] INFO  swagLabsMain.utils.AllureListener - Test passed: invalidE2eTest
2025-08-11 01:16:46.185 [main] INFO  swagLabsMain.utils.AllureListener - Starting test: invalidE2eTest
2025-08-11 01:16:47.858 [main] INFO  swagLabsMain.utils.AllureListener - Test passed: invalidE2eTest
2025-08-11 01:16:49.554 [main] INFO  swagLabsMain.utils.AllureListener - Starting test: validE2eTest
2025-08-11 01:16:51.558 [main] INFO  swagLabsMain.utils.AllureListener - Test passed: validE2eTest
2025-08-11 01:16:53.603 [main] INFO  swagLabsMain.utils.AllureListener - Starting test: validE2eTest
2025-08-11 01:16:58.876 [main] INFO  swagLabsMain.utils.AllureListener - Test passed: validE2eTest
2025-08-11 01:17:00.790 [main] INFO  swagLabsMain.utils.AllureListener - Starting test: validE2eTest
2025-08-11 01:17:02.636 [main] INFO  swagLabsMain.utils.AllureListener - Test passed: validE2eTest
2025-08-11 01:17:04.247 [main] INFO  swagLabsMain.utils.AllureListener - Starting test: addProductFromProductDetailsPageTest
2025-08-11 01:17:05.316 [main] INFO  swagLabsMain.utils.AllureListener - Test passed: addProductFromProductDetailsPageTest
2025-08-11 01:17:06.980 [main] INFO  swagLabsMain.utils.AllureListener - Starting test: addProductFromProductPageTest
2025-08-11 01:17:07.853 [main] INFO  swagLabsMain.utils.AllureListener - Test passed: addProductFromProductPageTest
2025-08-11 01:17:09.510 [main] INFO  swagLabsMain.utils.AllureListener - Starting test: removeProductFromCartTest
2025-08-11 01:17:12.799 [main] INFO  swagLabsMain.utils.AllureListener - Test passed: removeProductFromCartTest
2025-08-11 01:17:14.572 [main] INFO  swagLabsMain.utils.AllureListener - Starting test: removeProductFromProductDetailsPageTest
2025-08-11 01:17:15.930 [main] INFO  swagLabsMain.utils.AllureListener - Test passed: removeProductFromProductDetailsPageTest
2025-08-11 01:17:17.527 [main] INFO  swagLabsMain.utils.AllureListener - Starting test: removeProductFromProductPageTest
2025-08-11 01:17:18.402 [main] INFO  swagLabsMain.utils.AllureListener - Test passed: removeProductFromProductPageTest
2025-08-11 01:17:20.303 [main] INFO  swagLabsMain.utils.AllureListener - Starting test: lockedOutUserLoginTest
2025-08-11 01:17:20.839 [main] INFO  swagLabsMain.utils.AllureListener - Test passed: lockedOutUserLoginTest
2025-08-11 01:17:22.612 [main] INFO  swagLabsMain.utils.AllureListener - Starting test: validPerformanceUserLoginTest
2025-08-11 01:17:28.330 [main] INFO  swagLabsMain.utils.AllureListener - Test passed: validPerformanceUserLoginTest
2025-08-11 01:17:30.102 [main] INFO  swagLabsMain.utils.AllureListener - Starting test: validProblemUserLoginTest
2025-08-11 01:17:30.641 [main] INFO  swagLabsMain.utils.AllureListener - Test passed: validProblemUserLoginTest
2025-08-11 01:17:32.371 [main] INFO  swagLabsMain.utils.AllureListener - Starting test: validStandardUserLoginTest
2025-08-11 01:17:32.870 [main] INFO  swagLabsMain.utils.AllureListener - Test passed: validStandardUserLoginTest
2025-08-11 01:17:34.575 [main] INFO  swagLabsMain.utils.AllureListener - Starting test: blankAllLoginTest
2025-08-11 01:17:34.829 [main] INFO  swagLabsMain.utils.AllureListener - Test passed: blankAllLoginTest
2025-08-11 01:17:36.530 [main] INFO  swagLabsMain.utils.AllureListener - Starting test: blankPasswordLoginTest
2025-08-11 01:17:36.980 [main] INFO  swagLabsMain.utils.AllureListener - Test passed: blankPasswordLoginTest
2025-08-11 01:17:38.888 [main] INFO  swagLabsMain.utils.AllureListener - Starting test: blankUsernameLoginTest
2025-08-11 01:17:39.731 [main] INFO  swagLabsMain.utils.AllureListener - Test passed: blankUsernameLoginTest
2025-08-11 01:17:42.255 [main] INFO  swagLabsMain.utils.AllureListener - Starting test: invalidPasswordLoginTest
2025-08-11 01:17:43.279 [main] INFO  swagLabsMain.utils.AllureListener - Test passed: invalidPasswordLoginTest
2025-08-11 01:17:44.880 [main] INFO  swagLabsMain.utils.AllureListener - Starting test: invalidUsernameLoginTest
2025-08-11 01:17:45.376 [main] INFO  swagLabsMain.utils.AllureListener - Test passed: invalidUsernameLoginTest
2025-08-11 01:17:46.719 [main] INFO  swagLabsMain.utils.AllureListener - Starting test: lockedOutUserLoginTest
2025-08-11 01:17:47.712 [main] INFO  swagLabsMain.utils.AllureListener - Test passed: lockedOutUserLoginTest
2025-08-11 01:17:49.475 [main] INFO  swagLabsMain.utils.AllureListener - Starting test: checkingOnProductsAfterLogoutTest
2025-08-11 01:17:51.443 [main] INFO  swagLabsMain.utils.AllureListener - Test passed: checkingOnProductsAfterLogoutTest
2025-08-11 01:17:53.083 [main] INFO  swagLabsMain.utils.AllureListener - Starting test: emptyFirstNameInCheckoutFirstLevelTest
2025-08-11 01:17:55.480 [main] INFO  swagLabsMain.utils.AllureListener - Test passed: emptyFirstNameInCheckoutFirstLevelTest
2025-08-11 01:17:58.014 [main] INFO  swagLabsMain.utils.AllureListener - Starting test: emptyLastNameInCheckoutFirstLevelTest
2025-08-11 01:17:59.102 [main] INFO  swagLabsMain.utils.AllureListener - Test passed: emptyLastNameInCheckoutFirstLevelTest
2025-08-11 01:18:00.800 [main] INFO  swagLabsMain.utils.AllureListener - Starting test: emptyPostalCodeInCheckoutFirstLevelTest
2025-08-11 01:18:01.858 [main] INFO  swagLabsMain.utils.AllureListener - Test passed: emptyPostalCodeInCheckoutFirstLevelTest
2025-08-11 01:18:02.060 [main] INFO  swagLabsMain.utils.AllureListener - Test suite finished: All Tests
2025-08-11 01:44:21.972 [main] INFO  swagLabsMain.utils.AllureListener - Test suite started: SwagLabsProject
2025-08-11 01:44:21.989 [main] INFO  swagLabsMain.utils.AllureListener - Created environment.properties file for Allure reports
2025-08-11 01:44:21.990 [main] INFO  swagLabsMain.utils.AllureListener - Initialized environment for suite: SwagLabsProject
2025-08-11 01:44:25.083 [main] INFO  swagLabsMain.utils.AllureListener - Starting test: lockedOutUserLoginTest
2025-08-11 01:44:26.000 [main] INFO  swagLabsMain.utils.AllureListener - Test skipped: lockedOutUserLoginTest
2025-08-11 01:44:28.815 [main] INFO  swagLabsMain.utils.AllureListener - Starting test: lockedOutUserLoginTest
2025-08-11 01:44:31.520 [main] INFO  swagLabsMain.utils.AllureListener - Test skipped: lockedOutUserLoginTest
2025-08-11 01:44:34.272 [main] INFO  swagLabsMain.utils.AllureListener - Starting test: lockedOutUserLoginTest
2025-08-11 01:44:36.438 [main] ERROR swagLabsMain.utils.AllureListener - Test failed: lockedOutUserLoginTest - expected [Epic sadface: Sorry, this user has been locked.] but found [Epic sadface: Sorry, this user has been locked out.]
2025-08-11 01:44:36.439 [main] INFO  swagLabsMain.utils.AllureListener - Test instance class: swagLabsTests.tests.login.LoginErrorValidationsTests
2025-08-11 01:44:36.439 [main] ERROR swagLabsMain.utils.AllureListener - Driver field not found in test class: lockedOutUserLoginTest
java.lang.NoSuchFieldException: driver
	at java.base/java.lang.Class.getDeclaredField(Class.java:2782)
	at swagLabsMain.utils.AllureListener.getWebDriverInstance(AllureListener.java:111)
	at swagLabsMain.utils.AllureListener.onTestFailure(AllureListener.java:48)
	at org.testng.internal.TestListenerHelper.runTestListeners(TestListenerHelper.java:115)
	at org.testng.internal.invokers.TestInvoker.runTestResultListener(TestInvoker.java:285)
	at org.testng.internal.invokers.TestInvoker.invokeMethod(TestInvoker.java:777)
	at org.testng.internal.invokers.TestInvoker.retryFailed(TestInvoker.java:269)
	at org.testng.internal.invokers.MethodRunner.runInSequence(MethodRunner.java:76)
	at org.testng.internal.invokers.TestInvoker$MethodInvocationAgent.invoke(TestInvoker.java:995)
	at org.testng.internal.invokers.TestInvoker.invokeTestMethods(TestInvoker.java:203)
	at org.testng.internal.invokers.TestMethodWorker.invokeTestMethods(TestMethodWorker.java:154)
	at org.testng.internal.invokers.TestMethodWorker.run(TestMethodWorker.java:134)
	at java.base/java.util.ArrayList.forEach(ArrayList.java:1596)
	at org.testng.TestRunner.privateRun(TestRunner.java:741)
	at org.testng.TestRunner.run(TestRunner.java:616)
	at org.testng.SuiteRunner.runTest(SuiteRunner.java:421)
	at org.testng.SuiteRunner.runSequentially(SuiteRunner.java:413)
	at org.testng.SuiteRunner.privateRun(SuiteRunner.java:373)
	at org.testng.SuiteRunner.run(SuiteRunner.java:312)
	at org.testng.SuiteRunnerWorker.runSuite(SuiteRunnerWorker.java:52)
	at org.testng.SuiteRunnerWorker.run(SuiteRunnerWorker.java:95)
	at org.testng.TestNG.runSuitesSequentially(TestNG.java:1274)
	at org.testng.TestNG.runSuitesLocally(TestNG.java:1208)
	at org.testng.TestNG.runSuites(TestNG.java:1112)
	at org.testng.TestNG.run(TestNG.java:1079)
	at com.intellij.rt.testng.IDEARemoteTestNG.run(IDEARemoteTestNG.java:65)
	at com.intellij.rt.testng.RemoteTestNGStarter.main(RemoteTestNGStarter.java:105)
2025-08-11 01:44:36.444 [main] INFO  swagLabsMain.utils.AllureListener - Available fields in test class:
2025-08-11 01:44:36.444 [main] ERROR swagLabsMain.utils.AllureListener - Could not get WebDriver instance for failed test: lockedOutUserLoginTest
2025-08-11 01:44:36.444 [main] INFO  swagLabsMain.utils.AllureListener - Test instance class: swagLabsTests.tests.login.LoginErrorValidationsTests
2025-08-11 01:44:37.435 [main] INFO  swagLabsMain.utils.AllureListener - Test suite finished: SwagLabsProject
