<!DOCTYPE html PUBLIC "-//W3C//DTD XHTML 1.1//EN" "https://www.w3.org/TR/xhtml11/DTD/xhtml11.dtd">
<html xmlns="https://www.w3.org/1999/xhtml">
<head>
<meta http-equiv="content-type" content="text/html; charset=UTF-8"/>
<title>TestNG Report</title>
<style type="text/css">table {margin-bottom:10px;border-collapse:collapse;empty-cells:show}th,td {border:1px solid #009;padding:.25em .5em}th {vertical-align:bottom}td {vertical-align:top}table a {font-weight:bold}.stripe td {background-color: #E6EBF9}.num {text-align:right}.passedodd td {background-color: #3F3}.passedeven td {background-color: #0A0}.skippedodd td {background-color: #DDD}.skippedeven td {background-color: #CCC}.failedodd td,.attn {background-color: #F33}.failedeven td,.stripe .attn {background-color: #D00}.stacktrace {white-space:pre;font-family:monospace}.totop {font-size:85%;text-align:center;border-bottom:2px solid #000}.invisible {display:none}</style>
</head>
<body>
<table>
<tr><th>Test</th><th># Passed</th><th># Skipped</th><th># Retried</th><th># Failed</th><th>Time (ms)</th><th>Included Groups</th><th>Excluded Groups</th></tr>
<tr><th colspan="8">Suite</th></tr>
<tr><td><a href="#t0">Validation Full Order Test</a></td><td class="num">0</td><td class="num attn">3</td><td class="num">0</td><td class="num">0</td><td class="num">827</td><td>Smoke</td><td></td></tr>
<tr class="stripe"><td><a href="#t1">Validating Adding and Removing items Test</a></td><td class="num">0</td><td class="num attn">3</td><td class="num">0</td><td class="num">0</td><td class="num">63</td><td>Smoke</td><td></td></tr>
<tr><td><a href="#t2">Validating Logins Test</a></td><td class="num">0</td><td class="num attn">3</td><td class="num">0</td><td class="num">0</td><td class="num">83</td><td>Smoke</td><td></td></tr>
<tr class="stripe"><td><a href="#t3">Adding and Removing Products Functionality Test</a></td><td class="num">0</td><td class="num attn">1</td><td class="num">0</td><td class="num">0</td><td class="num">14</td><td>Smoke</td><td></td></tr>
<tr><th>Total</th><th class="num">0</th><th class="num attn">10</th><th class="num">0</th><th class="num">0</th><th class="num">987</th><th colspan="2"></th></tr>
</table>
<table id='summary'><thead><tr><th>Class</th><th>Method</th><th>Start</th><th>Time (ms)</th></tr></thead><tbody><tr><th colspan="4">Suite</th></tr></tbody><tbody id="t0"><tr><th colspan="4">Validation Full Order Test &#8212; failed (configuration methods)</th></tr><tr class="failedeven"><td rowspan="6">Omar.SwagLabsProject.SubmittingOrderTests</td><td><a href="#m0">launchApp</a></td><td rowspan="3">1752537945696</td><td rowspan="3">2</td></tr><tr class="failedeven"><td><a href="#m1">launchApp</a></td></tr><tr class="failedeven"><td><a href="#m2">launchApp</a></td></tr><tr class="failedeven"><td><a href="#m3">tearDown</a></td><td rowspan="3">1752537945689</td><td rowspan="3">0</td></tr><tr class="failedeven"><td><a href="#m4">tearDown</a></td></tr><tr class="failedeven"><td><a href="#m5">tearDown</a></td></tr><tr><th colspan="4">Validation Full Order Test &#8212; skipped</th></tr><tr class="skippedeven"><td rowspan="3">Omar.SwagLabsProject.SubmittingOrderTests</td><td><a href="#m6">fullPurchaseTest</a></td><td rowspan="3">1752537945681</td><td rowspan="3">0</td></tr><tr class="skippedeven"><td><a href="#m7">fullPurchaseTest</a></td></tr><tr class="skippedeven"><td><a href="#m8">fullPurchaseTest</a></td></tr></tbody>
<tbody id="t1"><tr><th colspan="4">Validating Adding and Removing items Test &#8212; failed (configuration methods)</th></tr><tr class="failedeven"><td rowspan="6">Omar.SwagLabsProject.AddingAndRemovingProducts</td><td><a href="#m9">launchApp</a></td><td rowspan="3">1752537946134</td><td rowspan="3">2</td></tr><tr class="failedeven"><td><a href="#m10">launchApp</a></td></tr><tr class="failedeven"><td><a href="#m11">launchApp</a></td></tr><tr class="failedeven"><td><a href="#m12">tearDown</a></td><td rowspan="3">1752537946123</td><td rowspan="3">0</td></tr><tr class="failedeven"><td><a href="#m13">tearDown</a></td></tr><tr class="failedeven"><td><a href="#m14">tearDown</a></td></tr><tr><th colspan="4">Validating Adding and Removing items Test &#8212; skipped</th></tr><tr class="skippedeven"><td rowspan="3">Omar.SwagLabsProject.AddingAndRemovingProducts</td><td><a href="#m15">addAndRemoveProductFromCartTest</a></td><td rowspan="1">1752537946098</td><td rowspan="1">0</td></tr><tr class="skippedeven"><td><a href="#m16">addAndRemoveProductFromProductDetailsPageTest</a></td><td rowspan="1">1752537946122</td><td rowspan="1">0</td></tr><tr class="skippedeven"><td><a href="#m17">removeProductFromProductPageTest</a></td><td rowspan="1">1752537946143</td><td rowspan="1">0</td></tr></tbody>
<tbody id="t2"><tr><th colspan="4">Validating Logins Test &#8212; failed (configuration methods)</th></tr><tr class="failedeven"><td rowspan="6">Omar.SwagLabsProject.ValidLoginTests</td><td><a href="#m18">launchApp</a></td><td rowspan="3">1752537946179</td><td rowspan="3">1</td></tr><tr class="failedeven"><td><a href="#m19">launchApp</a></td></tr><tr class="failedeven"><td><a href="#m20">launchApp</a></td></tr><tr class="failedeven"><td><a href="#m21">tearDown</a></td><td rowspan="3">1752537946198</td><td rowspan="3">1</td></tr><tr class="failedeven"><td><a href="#m22">tearDown</a></td></tr><tr class="failedeven"><td><a href="#m23">tearDown</a></td></tr><tr><th colspan="4">Validating Logins Test &#8212; skipped</th></tr><tr class="skippedeven"><td rowspan="3">Omar.SwagLabsProject.ValidLoginTests</td><td><a href="#m24">validPerformanceUserLoginTest</a></td><td rowspan="1">1752537946189</td><td rowspan="1">0</td></tr><tr class="skippedeven"><td><a href="#m25">validProblemUserLoginTest</a></td><td rowspan="1">1752537946234</td><td rowspan="1">0</td></tr><tr class="skippedeven"><td><a href="#m26">validStandardUserLoginTest</a></td><td rowspan="1">1752537946248</td><td rowspan="1">0</td></tr></tbody>
<tbody id="t3"><tr><th colspan="4">Adding and Removing Products Functionality Test &#8212; failed (configuration methods)</th></tr><tr class="failedeven"><td rowspan="2">Omar.SwagLabsProject.CheckingCartAfterLogout</td><td><a href="#m27">launchApp</a></td><td rowspan="1">1752537946273</td><td rowspan="1">0</td></tr><tr class="failedeven"><td><a href="#m28">tearDown</a></td><td rowspan="1">1752537946281</td><td rowspan="1">0</td></tr><tr><th colspan="4">Adding and Removing Products Functionality Test &#8212; skipped</th></tr><tr class="skippedeven"><td rowspan="1">Omar.SwagLabsProject.CheckingCartAfterLogout</td><td><a href="#m29">CheckoingOnProductsAfterLogoutTest</a></td><td rowspan="1">1752537946281</td><td rowspan="1">0</td></tr></tbody>
</table>
<h2>Validation Full Order Test</h2><h3 id="m0">Omar.SwagLabsProject.SubmittingOrderTests#launchApp</h3><table class="result"><tr><th>Exception</th></tr><tr><td><div class="stacktrace">java.lang.NullPointerException: Cannot invoke &quot;org.openqa.selenium.WebDriver.manage()&quot; because &quot;this.driver&quot; is null
	at Omar.TestComponents.BaseTest.intializeDriver(BaseTest.java:71)
	at Omar.TestComponents.BaseTest.launchApp(BaseTest.java:80)
	at java.base/java.util.ArrayList.forEach(ArrayList.java:1596)
... Removed 33 stack frames</div></td></tr></table><p class="totop"><a href="#summary">back to summary</a></p>
<h3 id="m1">Omar.SwagLabsProject.SubmittingOrderTests#launchApp</h3><table class="result"><tr><th>Exception</th></tr><tr><td><div class="stacktrace">java.lang.NullPointerException: Cannot invoke &quot;org.openqa.selenium.WebDriver.manage()&quot; because &quot;this.driver&quot; is null
	at Omar.TestComponents.BaseTest.intializeDriver(BaseTest.java:71)
	at Omar.TestComponents.BaseTest.launchApp(BaseTest.java:80)
	at java.base/java.util.ArrayList.forEach(ArrayList.java:1596)
... Removed 33 stack frames</div></td></tr></table><p class="totop"><a href="#summary">back to summary</a></p>
<h3 id="m2">Omar.SwagLabsProject.SubmittingOrderTests#launchApp</h3><table class="result"><tr><th>Exception</th></tr><tr><td><div class="stacktrace">java.lang.NullPointerException: Cannot invoke &quot;org.openqa.selenium.WebDriver.manage()&quot; because &quot;this.driver&quot; is null
	at Omar.TestComponents.BaseTest.intializeDriver(BaseTest.java:71)
	at Omar.TestComponents.BaseTest.launchApp(BaseTest.java:80)
	at java.base/java.util.ArrayList.forEach(ArrayList.java:1596)
... Removed 33 stack frames</div></td></tr></table><p class="totop"><a href="#summary">back to summary</a></p>
<h3 id="m3">Omar.SwagLabsProject.SubmittingOrderTests#tearDown</h3><table class="result"><tr><th>Exception</th></tr><tr><td><div class="stacktrace">java.lang.NullPointerException: Cannot invoke &quot;org.openqa.selenium.WebDriver.quit()&quot; because &quot;this.driver&quot; is null
	at Omar.TestComponents.BaseTest.tearDown(BaseTest.java:90)
	at java.base/java.util.ArrayList.forEach(ArrayList.java:1596)
... Removed 34 stack frames</div></td></tr></table><p class="totop"><a href="#summary">back to summary</a></p>
<h3 id="m4">Omar.SwagLabsProject.SubmittingOrderTests#tearDown</h3><table class="result"><tr><th>Exception</th></tr><tr><td><div class="stacktrace">java.lang.NullPointerException: Cannot invoke &quot;org.openqa.selenium.WebDriver.quit()&quot; because &quot;this.driver&quot; is null
	at Omar.TestComponents.BaseTest.tearDown(BaseTest.java:90)
	at java.base/java.util.ArrayList.forEach(ArrayList.java:1596)
... Removed 34 stack frames</div></td></tr></table><p class="totop"><a href="#summary">back to summary</a></p>
<h3 id="m5">Omar.SwagLabsProject.SubmittingOrderTests#tearDown</h3><table class="result"><tr><th>Exception</th></tr><tr><td><div class="stacktrace">java.lang.NullPointerException: Cannot invoke &quot;org.openqa.selenium.WebDriver.quit()&quot; because &quot;this.driver&quot; is null
	at Omar.TestComponents.BaseTest.tearDown(BaseTest.java:90)
	at java.base/java.util.ArrayList.forEach(ArrayList.java:1596)
... Removed 34 stack frames</div></td></tr></table><p class="totop"><a href="#summary">back to summary</a></p>
<h3 id="m6">Omar.SwagLabsProject.SubmittingOrderTests#fullPurchaseTest</h3><table class="result"><tr class="param"><th>Parameter #1</th></tr><tr class="param stripe"><td>{productName2=Sauce Labs Onesie, firstName=Ahmed, lastName=Ali, productName1=Sauce Labs Bike Light, postalCode=54321}</td></tr><tr><th>Exception</th></tr><tr><td><div class="stacktrace">java.lang.NullPointerException: Cannot invoke &quot;org.openqa.selenium.WebDriver.manage()&quot; because &quot;this.driver&quot; is null
	at Omar.TestComponents.BaseTest.intializeDriver(BaseTest.java:71)
	at Omar.TestComponents.BaseTest.launchApp(BaseTest.java:80)
	at java.base/java.util.ArrayList.forEach(ArrayList.java:1596)
... Removed 33 stack frames</div></td></tr></table><p class="totop"><a href="#summary">back to summary</a></p>
<h3 id="m7">Omar.SwagLabsProject.SubmittingOrderTests#fullPurchaseTest</h3><table class="result"><tr class="param"><th>Parameter #1</th></tr><tr class="param stripe"><td>{productName2=Test.allTheThings() T-Shirt (Red), firstName=Sara, lastName=Hassan, productName1=Sauce Labs Bolt T-Shirt, postalCode=67890}</td></tr><tr><th>Exception</th></tr><tr><td><div class="stacktrace">java.lang.NullPointerException: Cannot invoke &quot;org.openqa.selenium.WebDriver.manage()&quot; because &quot;this.driver&quot; is null
	at Omar.TestComponents.BaseTest.intializeDriver(BaseTest.java:71)
	at Omar.TestComponents.BaseTest.launchApp(BaseTest.java:80)
	at java.base/java.util.ArrayList.forEach(ArrayList.java:1596)
... Removed 33 stack frames</div></td></tr></table><p class="totop"><a href="#summary">back to summary</a></p>
<h3 id="m8">Omar.SwagLabsProject.SubmittingOrderTests#fullPurchaseTest</h3><table class="result"><tr class="param"><th>Parameter #1</th></tr><tr class="param stripe"><td>{productName2=Sauce Labs Fleece Jacket, firstName=Omar, lastName=Mokhtar, productName1=Sauce Labs Backpack, postalCode=12345}</td></tr><tr><th>Exception</th></tr><tr><td><div class="stacktrace">java.lang.NullPointerException: Cannot invoke &quot;org.openqa.selenium.WebDriver.manage()&quot; because &quot;this.driver&quot; is null
	at Omar.TestComponents.BaseTest.intializeDriver(BaseTest.java:71)
	at Omar.TestComponents.BaseTest.launchApp(BaseTest.java:80)
	at java.base/java.util.ArrayList.forEach(ArrayList.java:1596)
... Removed 33 stack frames</div></td></tr></table><p class="totop"><a href="#summary">back to summary</a></p>
<h2>Validating Adding and Removing items Test</h2><h3 id="m9">Omar.SwagLabsProject.AddingAndRemovingProducts#launchApp</h3><table class="result"><tr><th>Exception</th></tr><tr><td><div class="stacktrace">java.lang.NullPointerException: Cannot invoke &quot;org.openqa.selenium.WebDriver.manage()&quot; because &quot;this.driver&quot; is null
	at Omar.TestComponents.BaseTest.intializeDriver(BaseTest.java:71)
	at Omar.TestComponents.BaseTest.launchApp(BaseTest.java:80)
	at java.base/java.util.ArrayList.forEach(ArrayList.java:1596)
... Removed 33 stack frames</div></td></tr></table><p class="totop"><a href="#summary">back to summary</a></p>
<h3 id="m10">Omar.SwagLabsProject.AddingAndRemovingProducts#launchApp</h3><table class="result"><tr><th>Exception</th></tr><tr><td><div class="stacktrace">java.lang.NullPointerException: Cannot invoke &quot;org.openqa.selenium.WebDriver.manage()&quot; because &quot;this.driver&quot; is null
	at Omar.TestComponents.BaseTest.intializeDriver(BaseTest.java:71)
	at Omar.TestComponents.BaseTest.launchApp(BaseTest.java:80)
	at java.base/java.util.ArrayList.forEach(ArrayList.java:1596)
... Removed 33 stack frames</div></td></tr></table><p class="totop"><a href="#summary">back to summary</a></p>
<h3 id="m11">Omar.SwagLabsProject.AddingAndRemovingProducts#launchApp</h3><table class="result"><tr><th>Exception</th></tr><tr><td><div class="stacktrace">java.lang.NullPointerException: Cannot invoke &quot;org.openqa.selenium.WebDriver.manage()&quot; because &quot;this.driver&quot; is null
	at Omar.TestComponents.BaseTest.intializeDriver(BaseTest.java:71)
	at Omar.TestComponents.BaseTest.launchApp(BaseTest.java:80)
	at java.base/java.util.ArrayList.forEach(ArrayList.java:1596)
... Removed 33 stack frames</div></td></tr></table><p class="totop"><a href="#summary">back to summary</a></p>
<h3 id="m12">Omar.SwagLabsProject.AddingAndRemovingProducts#tearDown</h3><table class="result"><tr><th>Exception</th></tr><tr><td><div class="stacktrace">java.lang.NullPointerException: Cannot invoke &quot;org.openqa.selenium.WebDriver.quit()&quot; because &quot;this.driver&quot; is null
	at Omar.TestComponents.BaseTest.tearDown(BaseTest.java:90)
	at java.base/java.util.ArrayList.forEach(ArrayList.java:1596)
... Removed 34 stack frames</div></td></tr></table><p class="totop"><a href="#summary">back to summary</a></p>
<h3 id="m13">Omar.SwagLabsProject.AddingAndRemovingProducts#tearDown</h3><table class="result"><tr><th>Exception</th></tr><tr><td><div class="stacktrace">java.lang.NullPointerException: Cannot invoke &quot;org.openqa.selenium.WebDriver.quit()&quot; because &quot;this.driver&quot; is null
	at Omar.TestComponents.BaseTest.tearDown(BaseTest.java:90)
	at java.base/java.util.ArrayList.forEach(ArrayList.java:1596)
... Removed 34 stack frames</div></td></tr></table><p class="totop"><a href="#summary">back to summary</a></p>
<h3 id="m14">Omar.SwagLabsProject.AddingAndRemovingProducts#tearDown</h3><table class="result"><tr><th>Exception</th></tr><tr><td><div class="stacktrace">java.lang.NullPointerException: Cannot invoke &quot;org.openqa.selenium.WebDriver.quit()&quot; because &quot;this.driver&quot; is null
	at Omar.TestComponents.BaseTest.tearDown(BaseTest.java:90)
	at java.base/java.util.ArrayList.forEach(ArrayList.java:1596)
... Removed 34 stack frames</div></td></tr></table><p class="totop"><a href="#summary">back to summary</a></p>
<h3 id="m15">Omar.SwagLabsProject.AddingAndRemovingProducts#addAndRemoveProductFromCartTest</h3><table class="result"><tr><th>Exception</th></tr><tr><td><div class="stacktrace">java.lang.NullPointerException: Cannot invoke &quot;org.openqa.selenium.WebDriver.manage()&quot; because &quot;this.driver&quot; is null
	at Omar.TestComponents.BaseTest.intializeDriver(BaseTest.java:71)
	at Omar.TestComponents.BaseTest.launchApp(BaseTest.java:80)
	at java.base/java.util.ArrayList.forEach(ArrayList.java:1596)
... Removed 33 stack frames</div></td></tr></table><p class="totop"><a href="#summary">back to summary</a></p>
<h3 id="m16">Omar.SwagLabsProject.AddingAndRemovingProducts#addAndRemoveProductFromProductDetailsPageTest</h3><table class="result"><tr><th>Exception</th></tr><tr><td><div class="stacktrace">java.lang.NullPointerException: Cannot invoke &quot;org.openqa.selenium.WebDriver.quit()&quot; because &quot;this.driver&quot; is null
	at Omar.TestComponents.BaseTest.tearDown(BaseTest.java:90)
	at java.base/java.util.ArrayList.forEach(ArrayList.java:1596)
... Removed 34 stack frames</div></td></tr></table><p class="totop"><a href="#summary">back to summary</a></p>
<h3 id="m17">Omar.SwagLabsProject.AddingAndRemovingProducts#removeProductFromProductPageTest</h3><table class="result"><tr><th>Exception</th></tr><tr><td><div class="stacktrace">java.lang.NullPointerException: Cannot invoke &quot;org.openqa.selenium.WebDriver.quit()&quot; because &quot;this.driver&quot; is null
	at Omar.TestComponents.BaseTest.tearDown(BaseTest.java:90)
	at java.base/java.util.ArrayList.forEach(ArrayList.java:1596)
... Removed 34 stack frames</div></td></tr></table><p class="totop"><a href="#summary">back to summary</a></p>
<h2>Validating Logins Test</h2><h3 id="m18">Omar.SwagLabsProject.ValidLoginTests#launchApp</h3><table class="result"><tr><th>Exception</th></tr><tr><td><div class="stacktrace">java.lang.NullPointerException: Cannot invoke &quot;org.openqa.selenium.WebDriver.manage()&quot; because &quot;this.driver&quot; is null
	at Omar.TestComponents.BaseTest.intializeDriver(BaseTest.java:71)
	at Omar.TestComponents.BaseTest.launchApp(BaseTest.java:80)
	at java.base/java.util.ArrayList.forEach(ArrayList.java:1596)
... Removed 33 stack frames</div></td></tr></table><p class="totop"><a href="#summary">back to summary</a></p>
<h3 id="m19">Omar.SwagLabsProject.ValidLoginTests#launchApp</h3><table class="result"><tr><th>Exception</th></tr><tr><td><div class="stacktrace">java.lang.NullPointerException: Cannot invoke &quot;org.openqa.selenium.WebDriver.manage()&quot; because &quot;this.driver&quot; is null
	at Omar.TestComponents.BaseTest.intializeDriver(BaseTest.java:71)
	at Omar.TestComponents.BaseTest.launchApp(BaseTest.java:80)
	at java.base/java.util.ArrayList.forEach(ArrayList.java:1596)
... Removed 33 stack frames</div></td></tr></table><p class="totop"><a href="#summary">back to summary</a></p>
<h3 id="m20">Omar.SwagLabsProject.ValidLoginTests#launchApp</h3><table class="result"><tr><th>Exception</th></tr><tr><td><div class="stacktrace">java.lang.NullPointerException: Cannot invoke &quot;org.openqa.selenium.WebDriver.manage()&quot; because &quot;this.driver&quot; is null
	at Omar.TestComponents.BaseTest.intializeDriver(BaseTest.java:71)
	at Omar.TestComponents.BaseTest.launchApp(BaseTest.java:80)
	at java.base/java.util.ArrayList.forEach(ArrayList.java:1596)
... Removed 33 stack frames</div></td></tr></table><p class="totop"><a href="#summary">back to summary</a></p>
<h3 id="m21">Omar.SwagLabsProject.ValidLoginTests#tearDown</h3><table class="result"><tr><th>Exception</th></tr><tr><td><div class="stacktrace">java.lang.NullPointerException: Cannot invoke &quot;org.openqa.selenium.WebDriver.quit()&quot; because &quot;this.driver&quot; is null
	at Omar.TestComponents.BaseTest.tearDown(BaseTest.java:90)
	at java.base/java.util.ArrayList.forEach(ArrayList.java:1596)
... Removed 34 stack frames</div></td></tr></table><p class="totop"><a href="#summary">back to summary</a></p>
<h3 id="m22">Omar.SwagLabsProject.ValidLoginTests#tearDown</h3><table class="result"><tr><th>Exception</th></tr><tr><td><div class="stacktrace">java.lang.NullPointerException: Cannot invoke &quot;org.openqa.selenium.WebDriver.quit()&quot; because &quot;this.driver&quot; is null
	at Omar.TestComponents.BaseTest.tearDown(BaseTest.java:90)
	at java.base/java.util.ArrayList.forEach(ArrayList.java:1596)
... Removed 34 stack frames</div></td></tr></table><p class="totop"><a href="#summary">back to summary</a></p>
<h3 id="m23">Omar.SwagLabsProject.ValidLoginTests#tearDown</h3><table class="result"><tr><th>Exception</th></tr><tr><td><div class="stacktrace">java.lang.NullPointerException: Cannot invoke &quot;org.openqa.selenium.WebDriver.quit()&quot; because &quot;this.driver&quot; is null
	at Omar.TestComponents.BaseTest.tearDown(BaseTest.java:90)
	at java.base/java.util.ArrayList.forEach(ArrayList.java:1596)
... Removed 34 stack frames</div></td></tr></table><p class="totop"><a href="#summary">back to summary</a></p>
<h3 id="m24">Omar.SwagLabsProject.ValidLoginTests#validPerformanceUserLoginTest</h3><table class="result"><tr><th>Exception</th></tr><tr><td><div class="stacktrace">java.lang.NullPointerException: Cannot invoke &quot;org.openqa.selenium.WebDriver.manage()&quot; because &quot;this.driver&quot; is null
	at Omar.TestComponents.BaseTest.intializeDriver(BaseTest.java:71)
	at Omar.TestComponents.BaseTest.launchApp(BaseTest.java:80)
	at java.base/java.util.ArrayList.forEach(ArrayList.java:1596)
... Removed 33 stack frames</div></td></tr></table><p class="totop"><a href="#summary">back to summary</a></p>
<h3 id="m25">Omar.SwagLabsProject.ValidLoginTests#validProblemUserLoginTest</h3><table class="result"><tr><th>Exception</th></tr><tr><td><div class="stacktrace">java.lang.NullPointerException: Cannot invoke &quot;org.openqa.selenium.WebDriver.quit()&quot; because &quot;this.driver&quot; is null
	at Omar.TestComponents.BaseTest.tearDown(BaseTest.java:90)
	at java.base/java.util.ArrayList.forEach(ArrayList.java:1596)
... Removed 34 stack frames</div></td></tr></table><p class="totop"><a href="#summary">back to summary</a></p>
<h3 id="m26">Omar.SwagLabsProject.ValidLoginTests#validStandardUserLoginTest</h3><table class="result"><tr><th>Exception</th></tr><tr><td><div class="stacktrace">java.lang.NullPointerException: Cannot invoke &quot;org.openqa.selenium.WebDriver.quit()&quot; because &quot;this.driver&quot; is null
	at Omar.TestComponents.BaseTest.tearDown(BaseTest.java:90)
	at java.base/java.util.ArrayList.forEach(ArrayList.java:1596)
... Removed 34 stack frames</div></td></tr></table><p class="totop"><a href="#summary">back to summary</a></p>
<h2>Adding and Removing Products Functionality Test</h2><h3 id="m27">Omar.SwagLabsProject.CheckingCartAfterLogout#launchApp</h3><table class="result"><tr><th>Exception</th></tr><tr><td><div class="stacktrace">java.lang.NullPointerException: Cannot invoke &quot;org.openqa.selenium.WebDriver.manage()&quot; because &quot;this.driver&quot; is null
	at Omar.TestComponents.BaseTest.intializeDriver(BaseTest.java:71)
	at Omar.TestComponents.BaseTest.launchApp(BaseTest.java:80)
	at java.base/java.util.ArrayList.forEach(ArrayList.java:1596)
... Removed 33 stack frames</div></td></tr></table><p class="totop"><a href="#summary">back to summary</a></p>
<h3 id="m28">Omar.SwagLabsProject.CheckingCartAfterLogout#tearDown</h3><table class="result"><tr><th>Exception</th></tr><tr><td><div class="stacktrace">java.lang.NullPointerException: Cannot invoke &quot;org.openqa.selenium.WebDriver.quit()&quot; because &quot;this.driver&quot; is null
	at Omar.TestComponents.BaseTest.tearDown(BaseTest.java:90)
	at java.base/java.util.ArrayList.forEach(ArrayList.java:1596)
... Removed 34 stack frames</div></td></tr></table><p class="totop"><a href="#summary">back to summary</a></p>
<h3 id="m29">Omar.SwagLabsProject.CheckingCartAfterLogout#CheckoingOnProductsAfterLogoutTest</h3><table class="result"><tr><th>Exception</th></tr><tr><td><div class="stacktrace">java.lang.NullPointerException: Cannot invoke &quot;org.openqa.selenium.WebDriver.manage()&quot; because &quot;this.driver&quot; is null
	at Omar.TestComponents.BaseTest.intializeDriver(BaseTest.java:71)
	at Omar.TestComponents.BaseTest.launchApp(BaseTest.java:80)
	at java.base/java.util.ArrayList.forEach(ArrayList.java:1596)
... Removed 33 stack frames</div></td></tr></table><p class="totop"><a href="#summary">back to summary</a></p>
</body>
</html>
