<?xml version="1.0" encoding="UTF-8"?>
<!-- Generated by org.testng.reporters.JUnitReportReporter -->
<testsuite hostname="Omar-Mokhtar" failures="1" tests="10" name="Omar.SwagLabsProject.ErrorValidationsTests" time="55.574" errors="0" timestamp="2025-07-28T15:29:52 EEST" skipped="2">
  <testcase classname="Omar.SwagLabsProject.ErrorValidationsTests" name="invalidPasswordLoginTest" time="5.831"/>
  <testcase classname="Omar.SwagLabsProject.ErrorValidationsTests" name="emptyPostalCodeInCheckoutTest" time="5.900"/>
  <testcase classname="Omar.SwagLabsProject.ErrorValidationsTests" name="blankPasswordLoginTest" time="9.392"/>
  <testcase classname="Omar.SwagLabsProject.ErrorValidationsTests" name="lockedOutUserLoginTest" time="4.488">
    <failure message="expected [Epic sadface: Sorry, this user has been locked.] but found [Epic sadface: Sorry, this user has been locked out.]" type="java.lang.AssertionError">
      <![CDATA[java.lang.AssertionError: expected [Epic sadface: Sorry, this user has been locked.] but found [Epic sadface: Sorry, this user has been locked out.]
at org.testng.Assert.fail(Assert.java:111)
at org.testng.Assert.failNotEquals(Assert.java:1590)
at org.testng.Assert.assertEqualsImpl(Assert.java:150)
at org.testng.Assert.assertEquals(Assert.java:132)
at org.testng.Assert.assertEquals(Assert.java:656)
at org.testng.Assert.assertEquals(Assert.java:666)
at Omar.SwagLabsProject.ErrorValidationsTests.lockedOutUserLoginTest(ErrorValidationsTests.java:85)
at java.base/jdk.internal.reflect.DirectMethodHandleAccessor.invoke(DirectMethodHandleAccessor.java:103)
at java.base/java.lang.reflect.Method.invoke(Method.java:580)
at org.testng.internal.invokers.MethodInvocationHelper.invokeMethod(MethodInvocationHelper.java:141)
at org.testng.internal.invokers.TestInvoker.invokeMethod(TestInvoker.java:687)
at org.testng.internal.invokers.TestInvoker.retryFailed(TestInvoker.java:269)
at org.testng.internal.invokers.MethodRunner.runInSequence(MethodRunner.java:76)
at org.testng.internal.invokers.TestInvoker$MethodInvocationAgent.invoke(TestInvoker.java:995)
at org.testng.internal.invokers.TestInvoker.invokeTestMethods(TestInvoker.java:203)
at org.testng.internal.invokers.TestMethodWorker.invokeTestMethods(TestMethodWorker.java:154)
at org.testng.internal.invokers.TestMethodWorker.run(TestMethodWorker.java:134)
at java.base/java.util.ArrayList.forEach(ArrayList.java:1596)
at org.testng.TestRunner.privateRun(TestRunner.java:741)
at org.testng.TestRunner.run(TestRunner.java:616)
at org.testng.SuiteRunner.runTest(SuiteRunner.java:421)
at org.testng.SuiteRunner.runSequentially(SuiteRunner.java:413)
at org.testng.SuiteRunner.privateRun(SuiteRunner.java:373)
at org.testng.SuiteRunner.run(SuiteRunner.java:312)
at org.testng.SuiteRunnerWorker.runSuite(SuiteRunnerWorker.java:52)
at org.testng.SuiteRunnerWorker.run(SuiteRunnerWorker.java:95)
at org.testng.TestNG.runSuitesSequentially(TestNG.java:1274)
at org.testng.TestNG.runSuitesLocally(TestNG.java:1208)
at org.testng.TestNG.runSuites(TestNG.java:1112)
at org.testng.TestNG.run(TestNG.java:1079)
at org.apache.maven.surefire.testng.TestNGExecutor.run(TestNGExecutor.java:155)
at org.apache.maven.surefire.testng.TestNGDirectoryTestSuite.executeMulti(TestNGDirectoryTestSuite.java:169)
at org.apache.maven.surefire.testng.TestNGDirectoryTestSuite.execute(TestNGDirectoryTestSuite.java:88)
at org.apache.maven.surefire.testng.TestNGProvider.invoke(TestNGProvider.java:137)
at org.apache.maven.surefire.booter.ForkedBooter.runSuitesInProcess(ForkedBooter.java:385)
at org.apache.maven.surefire.booter.ForkedBooter.execute(ForkedBooter.java:162)
at org.apache.maven.surefire.booter.ForkedBooter.run(ForkedBooter.java:507)
at org.apache.maven.surefire.booter.ForkedBooter.main(ForkedBooter.java:495)
]]>
    </failure>
  </testcase> <!-- lockedOutUserLoginTest -->
  <testcase classname="Omar.SwagLabsProject.ErrorValidationsTests" name="lockedOutUserLoginTest" time="4.988">
    <skipped/>
  </testcase> <!-- lockedOutUserLoginTest -->
  <testcase classname="Omar.SwagLabsProject.ErrorValidationsTests" name="emptyLastNameInCheckoutTest" time="6.670"/>
  <testcase classname="Omar.SwagLabsProject.ErrorValidationsTests" name="emptyFirstNameInCheckoutTest" time="8.925"/>
  <testcase classname="Omar.SwagLabsProject.ErrorValidationsTests" name="invalidUsernameLoginTest" time="3.079"/>
  <testcase classname="Omar.SwagLabsProject.ErrorValidationsTests" name="lockedOutUserLoginTest" time="3.356">
    <skipped/>
  </testcase> <!-- lockedOutUserLoginTest -->
  <testcase classname="Omar.SwagLabsProject.ErrorValidationsTests" name="blankUsernameLoginTest" time="2.945"/>
</testsuite> <!-- Omar.SwagLabsProject.ErrorValidationsTests -->
