<?xml version="1.0" encoding="UTF-8"?>
<!-- Generated by org.testng.reporters.JUnitXMLReporter -->
<testsuite ignored="3" hostname="swagLabsMain-Mokhtar" failures="1" tests="7" name="Error Validations Test" time="12.472" errors="0" timestamp="2025-06-28T21:18:40 EEST">
  <testcase classname="swagLabsMain.Tests.ErrorValidationsTests" name="blankPasswordLoginTest" time="0.221"/>
  <testcase classname="swagLabsMain.Tests.ErrorValidationsTests" name="blankUsernameLoginTest" time="0.205"/>
  <testcase classname="swagLabsMain.Tests.ErrorValidationsTests" name="invalidPasswordLoginTest" time="0.457"/>
  <testcase classname="swagLabsMain.Tests.ErrorValidationsTests" name="invalidUsernameLoginTest" time="0.254"/>
  <testcase classname="swagLabsMain.Tests.ErrorValidationsTests" name="lockedOutUserLoginTest" time="0.28">
    <skipped/>
  </testcase> <!-- lockedOutUserLoginTest -->
  <testcase classname="swagLabsMain.Tests.ErrorValidationsTests" name="lockedOutUserLoginTest" time="0.286">
    <skipped/>
  </testcase> <!-- lockedOutUserLoginTest -->
  <testcase classname="swagLabsMain.Tests.ErrorValidationsTests" name="lockedOutUserLoginTest" time="0.294">
    <failure type="java.lang.AssertionError" message="expected [Epic sadface: Sorry, this user has been locked .] but found [Epic sadface: Sorry, this user has been locked out.]">
        <![CDATA[java.lang.AssertionError: expected [Epic sadface: Sorry, this user has been locked .] but found [Epic sadface: Sorry, this user has been locked out.]
at swagLabsMain.Tests.ErrorValidationsTests.lockedOutUserLoginTest(ErrorValidationsTests.java:85)
at java.base/java.util.ArrayList.forEach(ArrayList.java:1511)
at java.base/java.util.concurrent.FutureTask.run(FutureTask.java:264)
at java.base/java.util.concurrent.ThreadPoolExecutor.runWorker(ThreadPoolExecutor.java:1136)
at java.base/java.util.concurrent.ThreadPoolExecutor$Worker.run(ThreadPoolExecutor.java:635)
at java.base/java.lang.Thread.run(Thread.java:840)
... Removed 23 stack frames]]>
    </failure>
  </testcase> <!-- lockedOutUserLoginTest -->
  <testcase classname="swagLabsMain.Tests.ErrorValidationsTests" name="emptyLastNameInCheckoutTest" time="0.0">
    <ignored/>
  </testcase> <!-- emptyLastNameInCheckoutTest -->
  <testcase classname="swagLabsMain.Tests.ErrorValidationsTests" name="emptyPostalCodeInCheckoutTest" time="0.0">
    <ignored/>
  </testcase> <!-- emptyPostalCodeInCheckoutTest -->
  <testcase classname="swagLabsMain.Tests.ErrorValidationsTests" name="emptyFirstNameInCheckoutTest" time="0.0">
    <ignored/>
  </testcase> <!-- emptyFirstNameInCheckoutTest -->
</testsuite> <!-- Error Validations Test -->
